g:\1. хранилище\10.cpp-repo\cpplearn\gof\bomber\bomber\x64\debug\vc143.pdb
g:\1. хранилище\10.cpp-repo\cpplearn\gof\bomber\bomber\x64\debug\vc143.idb
g:\1. хранилище\10.cpp-repo\cpplearn\gof\bomber\bomber\x64\debug\tankadapter.obj
g:\1. хранилище\10.cpp-repo\cpplearn\gof\bomber\bomber\x64\debug\tankadaptee.obj
g:\1. хранилище\10.cpp-repo\cpplearn\gof\bomber\bomber\x64\debug\tank.obj
g:\1. хранилище\10.cpp-repo\cpplearn\gof\bomber\bomber\x64\debug\sbomberproject.obj
g:\1. хранилище\10.cpp-repo\cpplearn\gof\bomber\bomber\x64\debug\sbomber.obj
g:\1. хранилище\10.cpp-repo\cpplearn\gof\bomber\bomber\x64\debug\realbomb.obj
g:\1. хранилище\10.cpp-repo\cpplearn\gof\bomber\bomber\x64\debug\plane.obj
g:\1. хранилище\10.cpp-repo\cpplearn\gof\bomber\bomber\x64\debug\mytools.obj
g:\1. хранилище\10.cpp-repo\cpplearn\gof\bomber\bomber\x64\debug\loggersingleton.obj
g:\1. хранилище\10.cpp-repo\cpplearn\gof\bomber\bomber\x64\debug\levelgui.obj
g:\1. хранилище\10.cpp-repo\cpplearn\gof\bomber\bomber\x64\debug\house.obj
g:\1. хранилище\10.cpp-repo\cpplearn\gof\bomber\bomber\x64\debug\ground.obj
g:\1. хранилище\10.cpp-repo\cpplearn\gof\bomber\bomber\x64\debug\logger.obj
g:\1. хранилище\10.cpp-repo\cpplearn\gof\bomber\bomber\x64\debug\housedirector.obj
g:\1. хранилище\10.cpp-repo\cpplearn\gof\bomber\bomber\x64\debug\housebuilder.obj
g:\1. хранилище\10.cpp-repo\cpplearn\gof\bomber\bomber\x64\debug\commands.obj
g:\1. хранилище\10.cpp-repo\cpplearn\gof\bomber\bomber\x64\debug\collisiondetector.obj
g:\1. хранилище\10.cpp-repo\cpplearn\gof\bomber\bomber\x64\debug\bombiterator.obj
g:\1. хранилище\10.cpp-repo\cpplearn\gof\bomber\bomber\x64\debug\bombdecorator.obj
g:\1. хранилище\10.cpp-repo\cpplearn\gof\bomber\bomber\x64\debug\bomb.obj
g:\1. хранилище\10.cpp-repo\cpplearn\gof\bomber\bomber\x64\debug\visitor.obj
g:\1. хранилище\10.cpp-repo\cpplearn\gof\bomber\x64\debug\bomber.pdb
g:\1. хранилище\10.cpp-repo\cpplearn\gof\bomber\bomber\x64\debug\bomber.tlog\cl.command.1.tlog
g:\1. хранилище\10.cpp-repo\cpplearn\gof\bomber\bomber\x64\debug\bomber.tlog\cl.read.1.tlog
g:\1. хранилище\10.cpp-repo\cpplearn\gof\bomber\bomber\x64\debug\bomber.tlog\cl.write.1.tlog
g:\1. хранилище\10.cpp-repo\cpplearn\gof\bomber\bomber\x64\debug\bomber.tlog\link.11232-cvtres.read.1.tlog
g:\1. хранилище\10.cpp-repo\cpplearn\gof\bomber\bomber\x64\debug\bomber.tlog\link.11232-cvtres.write.1.tlog
g:\1. хранилище\10.cpp-repo\cpplearn\gof\bomber\bomber\x64\debug\bomber.tlog\link.11232-rc.read.1.tlog
g:\1. хранилище\10.cpp-repo\cpplearn\gof\bomber\bomber\x64\debug\bomber.tlog\link.11232-rc.write.1.tlog
g:\1. хранилище\10.cpp-repo\cpplearn\gof\bomber\bomber\x64\debug\bomber.tlog\link.11232.read.1.tlog
g:\1. хранилище\10.cpp-repo\cpplearn\gof\bomber\bomber\x64\debug\bomber.tlog\link.11232.read.2.tlog
g:\1. хранилище\10.cpp-repo\cpplearn\gof\bomber\bomber\x64\debug\bomber.tlog\link.11232.write.1.tlog
g:\1. хранилище\10.cpp-repo\cpplearn\gof\bomber\bomber\x64\debug\bomber.tlog\link.command.1.tlog
g:\1. хранилище\10.cpp-repo\cpplearn\gof\bomber\bomber\x64\debug\bomber.tlog\link.read.1.tlog
g:\1. хранилище\10.cpp-repo\cpplearn\gof\bomber\bomber\x64\debug\bomber.tlog\link.write.1.tlog
